<?xml version="1.0" encoding="UTF-8"?>
<testng-results ignored="0" total="1" passed="1" failed="0" skipped="0">
  <reporter-output>
  </reporter-output>
  <suite started-at="2022-12-21T20:43:57 IST" name="Default suite" finished-at="2022-12-21T20:44:12 IST" duration-ms="14880">
    <groups>
    </groups>
    <test started-at="2022-12-21T20:43:57 IST" name="Default test" finished-at="2022-12-21T20:44:12 IST" duration-ms="14880">
      <class name="com.enrollment.EmassWebService.EmassWebServiceAPI">
        <test-method is-config="true" signature="resetWSDL()[pri:0, instance:com.enrollment.EmassWebService.EmassWebServiceAPI@5bfa8cc5]" started-at="2022-12-21T20:43:57 IST" name="resetWSDL" finished-at="2022-12-21T20:43:57 IST" duration-ms="15" status="PASS">
          <reporter-output>
          </reporter-output>
        </test-method> <!-- resetWSDL -->
        <test-method is-config="true" signature="springTestContextBeforeTestClass()[pri:0, instance:com.enrollment.EmassWebService.EmassWebServiceAPI@5bfa8cc5]" started-at="2022-12-21T20:43:57 IST" name="springTestContextBeforeTestClass" finished-at="2022-12-21T20:43:57 IST" duration-ms="8" status="PASS">
          <reporter-output>
          </reporter-output>
        </test-method> <!-- springTestContextBeforeTestClass -->
        <test-method is-config="true" signature="springTestContextPrepareTestInstance()[pri:0, instance:com.enrollment.EmassWebService.EmassWebServiceAPI@5bfa8cc5]" started-at="2022-12-21T20:43:57 IST" name="springTestContextPrepareTestInstance" finished-at="2022-12-21T20:44:02 IST" depends-on-methods="org.springframework.test.context.testng.AbstractTestNGSpringContextTests.springTestContextBeforeTestClass" duration-ms="4916" status="PASS">
          <reporter-output>
          </reporter-output>
        </test-method> <!-- springTestContextPrepareTestInstance -->
        <test-method is-config="true" signature="setupRestAssured()[pri:0, instance:com.enrollment.EmassWebService.EmassWebServiceAPI@5bfa8cc5]" started-at="2022-12-21T20:44:02 IST" name="setupRestAssured" finished-at="2022-12-21T20:44:03 IST" duration-ms="844" status="PASS">
          <reporter-output>
          </reporter-output>
        </test-method> <!-- setupRestAssured -->
        <test-method is-config="true" signature="springTestContextBeforeTestMethod(java.lang.reflect.Method)[pri:0, instance:com.enrollment.EmassWebService.EmassWebServiceAPI@5bfa8cc5]" started-at="2022-12-21T20:44:03 IST" name="springTestContextBeforeTestMethod" finished-at="2022-12-21T20:44:03 IST" duration-ms="3" status="PASS">
          <params>
            <param index="0">
              <value>
                <![CDATA[public void com.enrollment.EmassWebService.EmassWebServiceAPI.enrollmentSparseTest() throws java.io.IOException,org.xml.sax.SAXException,javax.xml.parsers.ParserConfigurationException]]>
              </value>
            </param>
          </params>
          <reporter-output>
          </reporter-output>
        </test-method> <!-- springTestContextBeforeTestMethod -->
        <test-method signature="enrollmentSparseTest()[pri:0, instance:com.enrollment.EmassWebService.EmassWebServiceAPI@5bfa8cc5]" started-at="2022-12-21T20:44:03 IST" name="enrollmentSparseTest" finished-at="2022-12-21T20:44:12 IST" duration-ms="9007" status="PASS">
          <reporter-output>
          </reporter-output>
        </test-method> <!-- enrollmentSparseTest -->
        <test-method is-config="true" signature="springTestContextAfterTestMethod(java.lang.reflect.Method)[pri:0, instance:com.enrollment.EmassWebService.EmassWebServiceAPI@5bfa8cc5]" started-at="2022-12-21T20:44:12 IST" name="springTestContextAfterTestMethod" finished-at="2022-12-21T20:44:12 IST" duration-ms="2" status="PASS">
          <params>
            <param index="0">
              <value>
                <![CDATA[public void com.enrollment.EmassWebService.EmassWebServiceAPI.enrollmentSparseTest() throws java.io.IOException,org.xml.sax.SAXException,javax.xml.parsers.ParserConfigurationException]]>
              </value>
            </param>
          </params>
          <reporter-output>
          </reporter-output>
        </test-method> <!-- springTestContextAfterTestMethod -->
        <test-method is-config="true" signature="springTestContextAfterTestClass()[pri:0, instance:com.enrollment.EmassWebService.EmassWebServiceAPI@5bfa8cc5]" started-at="2022-12-21T20:44:12 IST" name="springTestContextAfterTestClass" finished-at="2022-12-21T20:44:12 IST" duration-ms="2" status="PASS">
          <reporter-output>
          </reporter-output>
        </test-method> <!-- springTestContextAfterTestClass -->
      </class> <!-- com.enrollment.EmassWebService.EmassWebServiceAPI -->
    </test> <!-- Default test -->
  </suite> <!-- Default suite -->
</testng-results>
